11:30:00 **** Rebuild of configuration Debug for project Prueba1 ****
Info: Internal Builder is used for build
gcc -O0 -g3 -Wall -c -fmessage-length=0 -o "src\\Prueba1.o" "..\\src\\Prueba1.c" 
gcc -o Prueba1.exe "src\\Prueba1.o" 

11:30:01 Build Finished. 0 errors, 0 warnings. (took 684ms)

Info: Nothing to build for Prueba1
11:30:13 **** Incremental Build of configuration Debug for project Prueba1 ****
Info: Internal Builder is used for build
gcc -O0 -g3 -Wall -c -fmessage-length=0 -o "src\\Prueba1.o" "..\\src\\Prueba1.c" 
gcc -o Prueba1.exe "src\\Prueba1.o" 
Info: Nothing to build for Prueba1
Info: Nothing to build for Prueba1
Info: Nothing to build for Prueba1
Info: Nothing to build for Prueba1
Info: Nothing to build for Prueba1
Info: Nothing to build for Prueba1
Info: Nothing to build for Prueba1
11:32:24 **** Incremental Build of configuration Debug for project Prueba1 ****
Info: Internal Builder is used for build
gcc -O0 -g3 -Wall -c -fmessage-length=0 -o "src\\Prueba1.o" "..\\src\\Prueba1.c" 
gcc -o Prueba1.exe "src\\Prueba1.o" 
Info: Nothing to build for Prueba1
Info: Nothing to build for Prueba1
Info: Nothing to build for Prueba1
Info: Nothing to build for Prueba1
